Loading mpi version 2021.5.0
Loading compiler version 2022.1.0
Loading tbb version 2021.8.0
Loading debugger version 2023.0.0
Loading compiler-rt version 2023.0.0
Loading dpl version 2022.0.0
  Load "debugger" to debug DPC++ applications with the gdb-oneapi debugger.
  Load "dpl" for additional DPC++ APIs: https://github.com/oneapi-src/oneDPL
Loading mpi version 2021.5.0
Loading compiler version 2022.1.0
Loading tbb version 2021.8.0
Loading debugger version 2023.0.0
Loading compiler-rt version 2023.0.0
Loading dpl version 2022.0.0
  Load "debugger" to debug DPC++ applications with the gdb-oneapi debugger.
  Load "dpl" for additional DPC++ APIs: https://github.com/oneapi-src/oneDPL
[0]PETSC ERROR: --------------------- Error Message --------------------------------------------------------------
[0]PETSC ERROR:   
[0]PETSC ERROR: The total number of passive tracers must be lower than 100000
[0]PETSC ERROR: See https://petsc.org/release/faq/ for trouble shooting.
[0]PETSC ERROR: Petsc Release Version 3.16.4, Feb 02, 2022 
[0]PETSC ERROR: ../lamem/bin/opt/LaMEM on a  named r10n08 by bt307806 Tue Apr  4 16:34:17 2023
[0]PETSC ERROR: Configure options MPI-DIR= --prefix=/opt/ohpc/pub/libs/intel/impi/petsc/petsc-3.16.4 --download-superlu_dist=1 --doCleanup=1 --download-mumps=1 --download-suitesparse=1 --download-scalapack=1 --download-fblaslapack=1 --download-pastix=1 --download-hwloc=1 --download-ptscotch=1 --FOPTFLAGS=-O3 --CXXOPTFLAGS=-O3 --COPTFLAGS="-O3 -D_POSIX_C_SOURCE=199309L" --with-shared-libraries=1 --with-hdf5=1 --with-hdf5-dir=/opt/ohpc/pub/libs/intel/impi/hdf5/hdf5-1.12.1 --with-debugging=0 --with-cc=mpiicc --with-cxx=mpiicpc --with-fc=mpiifort
[0]PETSC ERROR: #1 ADVPtrPassive_Tracer_create() at passive_tracer.cpp:92
[0]PETSC ERROR: #2 LaMEMLibCreate() at LaMEMLib.cpp:223
[0]PETSC ERROR: #3 LaMEMLibMain() at LaMEMLib.cpp:147
[0]PETSC ERROR: #4 main() at LaMEM.cpp:85
[0]PETSC ERROR: PETSc Option Table entries:
[0]PETSC ERROR: -crs_ksp_type preonly
[0]PETSC ERROR: -crs_pc_redundant_number 1
[0]PETSC ERROR: -crs_pc_type redundant
[0]PETSC ERROR: -gmg_mg_levels_ksp_max_it 2
[0]PETSC ERROR: -gmg_mg_levels_ksp_richardson_scale 0.5
[0]PETSC ERROR: -gmg_mg_levels_ksp_type richardson
[0]PETSC ERROR: -gmg_mg_levels_pc_type jacobi
[0]PETSC ERROR: -gmg_pc_mg_cycle_type v
[0]PETSC ERROR: -gmg_pc_mg_galerkin
[0]PETSC ERROR: -gmg_pc_mg_levels 5
[0]PETSC ERROR: -gmg_pc_mg_log
[0]PETSC ERROR: -gmg_pc_mg_type multiplicative
[0]PETSC ERROR: -gmg_pc_type mg
[0]PETSC ERROR: -jp_type mg
[0]PETSC ERROR: -js_ksp_converged_reason
[0]PETSC ERROR: -js_ksp_max_it 20
[0]PETSC ERROR: -js_ksp_min_it 4
[0]PETSC ERROR: -js_ksp_type fgmres
[0]PETSC ERROR: -ParamFile SSB_Nevena.dat
[0]PETSC ERROR: -pcmat_type mono
[0]PETSC ERROR: -snes_atol 1e-7
[0]PETSC ERROR: -snes_ksp_ew
[0]PETSC ERROR: -snes_ksp_ew_rtol0 1e-2
[0]PETSC ERROR: -snes_linesearch_maxstep 1.0
[0]PETSC ERROR: -snes_linesearch_type basic
[0]PETSC ERROR: -snes_max_funcs 500000
[0]PETSC ERROR: -snes_max_it 18
[0]PETSC ERROR: -snes_max_linear_solve_fail 10000
[0]PETSC ERROR: -snes_monitor
[0]PETSC ERROR: -snes_PicardSwitchToNewton_rtol 1e-4
[0]PETSC ERROR: -snes_rtol 1e-4
[0]PETSC ERROR: -snes_stol 1e-16
[0]PETSC ERROR: ----------------End of Error Message -------send entire error message to petsc-maint@mcs.anl.gov----------
Abort(83) on node 0 (rank 0 in comm 0): application called MPI_Abort(MPI_COMM_WORLD, 83) - process 0
