Loading mpi version 2021.5.0
Loading compiler version 2022.1.0
Loading tbb version 2021.8.0
Loading debugger version 2023.0.0
Loading compiler-rt version 2023.0.0
Loading dpl version 2022.0.0
  Load "debugger" to debug DPC++ applications with the gdb-oneapi debugger.
  Load "dpl" for additional DPC++ APIs: https://github.com/oneapi-src/oneDPL
Loading mpi version 2021.5.0
Loading compiler version 2022.1.0
Loading tbb version 2021.8.0
Loading debugger version 2023.0.0
Loading compiler-rt version 2023.0.0
Loading dpl version 2022.0.0
  Load "debugger" to debug DPC++ applications with the gdb-oneapi debugger.
  Load "dpl" for additional DPC++ APIs: https://github.com/oneapi-src/oneDPL
srun: Job step aborted: Waiting up to 32 seconds for job step to finish.

===================================================================================
=   BAD TERMINATION OF ONE OF YOUR APPLICATION PROCESSES
=   RANK 125 PID 30100 RUNNING AT r10n13
=   KILLED BY SIGNAL: 15 (Terminated)
===================================================================================

===================================================================================
=   BAD TERMINATION OF ONE OF YOUR APPLICATION PROCESSES
=   RANK 126 PID 4978 RUNNING AT r10n14
=   KILLED BY SIGNAL: 15 (Terminated)
===================================================================================

===================================================================================
=   BAD TERMINATION OF ONE OF YOUR APPLICATION PROCESSES
=   RANK 124 PID 27770 RUNNING AT r10n12
=   KILLED BY SIGNAL: 15 (Terminated)
===================================================================================

===================================================================================
=   BAD TERMINATION OF ONE OF YOUR APPLICATION PROCESSES
=   RANK 127 PID 8048 RUNNING AT r10n15
=   KILLED BY SIGNAL: 15 (Terminated)
===================================================================================
slurmstepd: error: *** JOB 1061350 ON r10n08 CANCELLED AT 2023-04-04T16:33:30 ***
slurmstepd: error: *** STEP 1061350.0 ON r10n08 CANCELLED AT 2023-04-04T16:33:30 ***
