/home/zaphod/data/apiccolo/Scripts/Python_Visual_Data_Base_2/Class_Data_Base.py:730: RuntimeWarning: Mean of empty slice
  self.D_x_t_det[i,j] = np.nanmean(self.D[i,i_along_x,j])
/home/zaphod/data/apiccolo/Scripts/Python_Visual_Data_Base_2/Class_Data_Base.py:731: RuntimeWarning: Mean of empty slice
  self.tau_x_t_det[i,j] = np.nanmean(self.tau_max[i,i_along_x,j])
/home/zaphod/data/apiccolo/Scripts/Python_Visual_Data_Base_2/Class_Data_Base.py:732: RuntimeWarning: All-NaN slice encountered
  self.T_det[i,j] = np.nanmax(self.T[i,i_along_x,j])
/home/zaphod/data/apiccolo/Scripts/Python_Visual_Data_Base_2/Class_Data_Base.py:733: RuntimeWarning: All-NaN slice encountered
  self.Psi_det[i,j] = np.nanmax(self.Psi[i,i_along_x,j])
/home/zaphod/data/apiccolo/Scripts/Python_Visual_Data_Base_2/Class_Data_Base.py:746: RuntimeWarning: Mean of empty slice
  self.meanD[i]=np.nanmean(a)/100
/home/zaphod/data/apiccolo/Scripts/Python_Visual_Data_Base_2/Class_Data_Base.py:747: RuntimeWarning: All-NaN slice encountered
  self.maxD[i]=np.nanmax(a)/100
/home/zaphod/data/apiccolo/Scripts/Python_Visual_Data_Base_2/Class_Data_Base.py:748: RuntimeWarning: All-NaN slice encountered
  self.minD[i]=np.nanmin(a)/100
/home/zaphod/data/apiccolo/Scripts/Python_Visual_Data_Base_2/Class_Data_Base.py:741: RuntimeWarning: All-NaN slice encountered
  if (np.nanmax(b) > max_tau) and (time_d[i]>1.0) :
/home/apiccolo/.local/bin:/usr/local/sbin:/usr/local/bin:/usr/sbin:/usr/bin:/sbin:/bin:/usr/games:/usr/local/games:/snap/bin:/usr/local/texlive/2015/bin/x86_64-darwin
['PR_200', 'TSD2_PR']
==================
Necking stage data
maximum uplift is 0.42 / mm/yr 
min uplift is -0.15 /mm/yr
==================
==================
Tearing stage data
maximum uplift is 67.07 / mm/yr 
min uplift is -1.32 /mm/yr
==================
==================
Long_term  data
maximum uplift is 0.62 / mm/yr 
min uplift is 0.08 /mm/yr
==================
Execution time of Test: 323.11 seconds
Average uplift during necking stage is 37.03, during tearing stage is 0.09 and the long term is 0.41
['PR_200', 'TSD2_V10_PR']
==================
Necking stage data
maximum uplift is 0.31 / mm/yr 
min uplift is -0.07 /mm/yr
==================
==================
Tearing stage data
maximum uplift is 10.16 / mm/yr 
min uplift is 0.53 /mm/yr
==================
==================
Long_term  data
maximum uplift is 0.41 / mm/yr 
min uplift is 0.10 /mm/yr
==================
Execution time of Test: 223.87 seconds
Average uplift during necking stage is 5.78, during tearing stage is 0.09 and the long term is 0.27
['PR_200', 'TSD2_V13_PR']
==================
Necking stage data
maximum uplift is 0.21 / mm/yr 
min uplift is 0.05 /mm/yr
==================
==================
Tearing stage data
maximum uplift is 0.43 / mm/yr 
min uplift is 0.06 /mm/yr
==================
==================
Long_term  data
maximum uplift is 0.22 / mm/yr 
min uplift is 0.07 /mm/yr
==================
Execution time of Test: 98.94 seconds
Average uplift during necking stage is 0.31, during tearing stage is 0.12 and the long term is 0.14
['PR_200', 'TSD2_V15_PR']
==================
Necking stage data
maximum uplift is 0.13 / mm/yr 
min uplift is 0.04 /mm/yr
==================
==================
Tearing stage data
maximum uplift is 0.02 / mm/yr 
min uplift is -0.00 /mm/yr
==================
==================
Long_term  data
maximum uplift is 0.09 / mm/yr 
min uplift is 0.02 /mm/yr
==================
Execution time of Test: 103.04 seconds
Average uplift during necking stage is 0.02, during tearing stage is 0.08 and the long term is 0.06
['PR_200', 'TSD3_PR']
==================
Necking stage data
maximum uplift is 0.42 / mm/yr 
min uplift is -0.12 /mm/yr
==================
==================
Tearing stage data
maximum uplift is 145.69 / mm/yr 
min uplift is 11.95 /mm/yr
==================
==================
Long_term  data
maximum uplift is 0.77 / mm/yr 
min uplift is 0.14 /mm/yr
==================
Execution time of Test: 156.61 seconds
Average uplift during necking stage is 83.35, during tearing stage is 0.11 and the long term is 0.57
['PR_200', 'TSD3_V10_PR']
==================
Necking stage data
maximum uplift is 0.30 / mm/yr 
min uplift is -0.06 /mm/yr
==================
==================
Tearing stage data
maximum uplift is 21.10 / mm/yr 
min uplift is 1.87 /mm/yr
==================
==================
Long_term  data
maximum uplift is 0.46 / mm/yr 
min uplift is 0.09 /mm/yr
==================
Execution time of Test: 113.22 seconds
Average uplift during necking stage is 12.16, during tearing stage is 0.09 and the long term is 0.31
['PR_200', 'TSD3_V13_PR']
==================
Necking stage data
maximum uplift is 0.19 / mm/yr 
min uplift is 0.03 /mm/yr
==================
==================
Tearing stage data
maximum uplift is 0.67 / mm/yr 
min uplift is -0.21 /mm/yr
==================
==================
Long_term  data
maximum uplift is 0.21 / mm/yr 
min uplift is 0.06 /mm/yr
==================
Execution time of Test: 106.18 seconds
Average uplift during necking stage is 0.44, during tearing stage is 0.10 and the long term is 0.13
['PR_200', 'TSD3_V15_PR']
==================
Necking stage data
maximum uplift is 0.12 / mm/yr 
min uplift is 0.04 /mm/yr
==================
==================
Tearing stage data
maximum uplift is 0.02 / mm/yr 
min uplift is -0.00 /mm/yr
==================
==================
Long_term  data
maximum uplift is 0.09 / mm/yr 
min uplift is 0.03 /mm/yr
==================
Execution time of Test: 104.07 seconds
Average uplift during necking stage is 0.02, during tearing stage is 0.07 and the long term is 0.06
['PR_200', 'TSD4_PR']
==================
Necking stage data
maximum uplift is 0.38 / mm/yr 
min uplift is -0.13 /mm/yr
==================
==================
Tearing stage data
maximum uplift is 11.62 / mm/yr 
min uplift is 0.20 /mm/yr
==================
==================
Long_term  data
maximum uplift is 0.54 / mm/yr 
min uplift is 0.07 /mm/yr
==================
Execution time of Test: 99.67 seconds
Average uplift during necking stage is 7.34, during tearing stage is 0.04 and the long term is 0.30
['PR_200', 'TSD4_V10_PR']
==================
Necking stage data
maximum uplift is 0.30 / mm/yr 
min uplift is -0.05 /mm/yr
==================
==================
Tearing stage data
maximum uplift is 4.85 / mm/yr 
min uplift is 0.18 /mm/yr
==================
==================
Long_term  data
maximum uplift is 0.38 / mm/yr 
min uplift is 0.09 /mm/yr
==================
Execution time of Test: 107.54 seconds
Average uplift during necking stage is 3.07, during tearing stage is 0.10 and the long term is 0.23
['PR_200', 'TSD4_V13_PR']
==================
Necking stage data
maximum uplift is 0.23 / mm/yr 
min uplift is 0.06 /mm/yr
==================
==================
Tearing stage data
maximum uplift is 0.14 / mm/yr 
min uplift is 0.03 /mm/yr
==================
==================
Long_term  data
maximum uplift is 0.22 / mm/yr 
min uplift is 0.06 /mm/yr
==================
Execution time of Test: 122.33 seconds
Average uplift during necking stage is 0.13, during tearing stage is 0.14 and the long term is 0.14
['PR_200', 'TSD4_V15_PR']
==================
Necking stage data
maximum uplift is 0.14 / mm/yr 
min uplift is 0.03 /mm/yr
==================
==================
Tearing stage data
maximum uplift is 0.02 / mm/yr 
min uplift is -0.00 /mm/yr
==================
==================
Long_term  data
maximum uplift is 0.08 / mm/yr 
min uplift is 0.01 /mm/yr
==================
Execution time of Test: 96.14 seconds
Average uplift during necking stage is 0.02, during tearing stage is 0.09 and the long term is 0.05
['PR_600', 'TSD2_PR2']
==================
Necking stage data
maximum uplift is 0.21 / mm/yr 
min uplift is -0.11 /mm/yr
==================
==================
Tearing stage data
maximum uplift is 28.58 / mm/yr 
min uplift is 1.94 /mm/yr
==================
==================
Long_term  data
maximum uplift is 0.27 / mm/yr 
min uplift is 0.04 /mm/yr
==================
Execution time of Test: 155.67 seconds
Average uplift during necking stage is 16.20, during tearing stage is 0.02 and the long term is 0.15
['PR_600', 'TSD2_V10_PR2']
==================
Necking stage data
maximum uplift is 0.22 / mm/yr 
min uplift is -0.04 /mm/yr
==================
==================
Tearing stage data
maximum uplift is 7.35 / mm/yr 
min uplift is 0.72 /mm/yr
==================
==================
Long_term  data
maximum uplift is 0.26 / mm/yr 
min uplift is 0.05 /mm/yr
==================
Execution time of Test: 106.4 seconds
Average uplift during necking stage is 4.33, during tearing stage is 0.08 and the long term is 0.14
['PR_600', 'TSD2_V13_PR2']
==================
Necking stage data
maximum uplift is 0.20 / mm/yr 
min uplift is 0.05 /mm/yr
==================
==================
Tearing stage data
maximum uplift is 0.25 / mm/yr 
min uplift is 0.04 /mm/yr
==================
==================
Long_term  data
maximum uplift is 0.21 / mm/yr 
min uplift is 0.07 /mm/yr
==================
Execution time of Test: 96.49 seconds
Average uplift during necking stage is 0.20, during tearing stage is 0.11 and the long term is 0.13
['PR_600', 'TSD2_V15_PR2']
==================
Necking stage data
maximum uplift is 0.13 / mm/yr 
min uplift is 0.04 /mm/yr
==================
==================
Tearing stage data
maximum uplift is 0.02 / mm/yr 
min uplift is 0.01 /mm/yr
==================
==================
Long_term  data
maximum uplift is 0.09 / mm/yr 
min uplift is 0.03 /mm/yr
==================
Execution time of Test: 101.76 seconds
Average uplift during necking stage is 0.02, during tearing stage is 0.08 and the long term is 0.06
['PR_600', 'TSD3_PR2']
==================
Necking stage data
maximum uplift is 0.20 / mm/yr 
min uplift is -0.09 /mm/yr
==================
==================
Tearing stage data
maximum uplift is 36.48 / mm/yr 
min uplift is 0.32 /mm/yr
==================
==================
Long_term  data
maximum uplift is 0.23 / mm/yr 
min uplift is 0.06 /mm/yr
==================
Execution time of Test: 175.58 seconds
Average uplift during necking stage is 18.99, during tearing stage is 0.03 and the long term is 0.13
['PR_600', 'TSD3_V10_PR2']
==================
Necking stage data
maximum uplift is 0.20 / mm/yr 
min uplift is -0.03 /mm/yr
==================
==================
Tearing stage data
maximum uplift is 8.75 / mm/yr 
min uplift is -0.41 /mm/yr
==================
==================
Long_term  data
maximum uplift is 0.22 / mm/yr 
min uplift is 0.05 /mm/yr
==================
Execution time of Test: 95.72 seconds
Average uplift during necking stage is 5.08, during tearing stage is 0.07 and the long term is 0.13
['PR_600', 'TSD3_V13_PR2']
==================
Necking stage data
maximum uplift is 0.18 / mm/yr 
min uplift is 0.05 /mm/yr
==================
==================
Tearing stage data
maximum uplift is 0.33 / mm/yr 
min uplift is -0.17 /mm/yr
==================
==================
Long_term  data
maximum uplift is 0.18 / mm/yr 
min uplift is 0.07 /mm/yr
==================
Execution time of Test: 89.0 seconds
Average uplift during necking stage is 0.23, during tearing stage is 0.10 and the long term is 0.11
['PR_600', 'TSD3_V15_PR2']
==================
Necking stage data
maximum uplift is 0.11 / mm/yr 
min uplift is 0.03 /mm/yr
==================
==================
Tearing stage data
maximum uplift is 0.02 / mm/yr 
min uplift is -0.01 /mm/yr
==================
==================
Long_term  data
maximum uplift is 0.09 / mm/yr 
min uplift is 0.03 /mm/yr
==================
Execution time of Test: 93.71 seconds
Average uplift during necking stage is 0.02, during tearing stage is 0.07 and the long term is 0.06
['PR_600', 'TSD4_PR2']
==================
Necking stage data
maximum uplift is 0.29 / mm/yr 
min uplift is -0.15 /mm/yr
==================
==================
Tearing stage data
maximum uplift is 14.53 / mm/yr 
min uplift is 0.91 /mm/yr
==================
==================
Long_term  data
maximum uplift is 0.39 / mm/yr 
min uplift is 0.03 /mm/yr
==================
Execution time of Test: 136.92 seconds
Average uplift during necking stage is 9.21, during tearing stage is 0.03 and the long term is 0.20
['PR_600', 'TSD4_V10_PR2']
==================
Necking stage data
maximum uplift is 0.26 / mm/yr 
min uplift is -0.04 /mm/yr
==================
==================
Tearing stage data
maximum uplift is 4.89 / mm/yr 
min uplift is 0.47 /mm/yr
==================
==================
Long_term  data
maximum uplift is 0.35 / mm/yr 
min uplift is 0.08 /mm/yr
==================
Execution time of Test: 89.71 seconds
Average uplift during necking stage is 3.32, during tearing stage is 0.10 and the long term is 0.20
['PR_600', 'TSD4_V13_PR2']
==================
Necking stage data
maximum uplift is 0.24 / mm/yr 
min uplift is 0.07 /mm/yr
==================
==================
Tearing stage data
maximum uplift is 0.16 / mm/yr 
min uplift is 0.03 /mm/yr
==================
==================
Long_term  data
maximum uplift is 0.22 / mm/yr 
min uplift is 0.07 /mm/yr
==================
Execution time of Test: 84.75 seconds
Average uplift during necking stage is 0.13, during tearing stage is 0.14 and the long term is 0.14
['PR_600', 'TSD4_V15_PR2']
==================
Necking stage data
maximum uplift is 0.14 / mm/yr 
min uplift is 0.03 /mm/yr
==================
==================
Tearing stage data
maximum uplift is 0.02 / mm/yr 
min uplift is 0.00 /mm/yr
==================
==================
Long_term  data
maximum uplift is 0.09 / mm/yr 
min uplift is 0.02 /mm/yr
==================
Execution time of Test: 86.91 seconds
Average uplift during necking stage is 0.02, during tearing stage is 0.09 and the long term is 0.06
['PR_r', 'TSD2']
==================
Necking stage data
maximum uplift is 0.22 / mm/yr 
min uplift is -0.11 /mm/yr
==================
==================
Tearing stage data
maximum uplift is 30.78 / mm/yr 
min uplift is 2.30 /mm/yr
==================
==================
Long_term  data
maximum uplift is 0.28 / mm/yr 
min uplift is 0.05 /mm/yr
==================
Execution time of Test: 102.46 seconds
Average uplift during necking stage is 16.74, during tearing stage is 0.03 and the long term is 0.15
['PR_r', 'TSD2_CO']
==================
Necking stage data
maximum uplift is 0.30 / mm/yr 
min uplift is -0.13 /mm/yr
==================
==================
Tearing stage data
maximum uplift is 18.18 / mm/yr 
min uplift is 0.37 /mm/yr
==================
==================
Long_term  data
maximum uplift is 0.35 / mm/yr 
min uplift is -0.06 /mm/yr
==================
Execution time of Test: 130.01 seconds
Average uplift during necking stage is 10.41, during tearing stage is 0.02 and the long term is 0.17
['PR_r', 'TSD2_V10']
==================
Necking stage data
maximum uplift is 0.22 / mm/yr 
min uplift is -0.04 /mm/yr
==================
==================
Tearing stage data
maximum uplift is 7.58 / mm/yr 
min uplift is 0.83 /mm/yr
==================
==================
Long_term  data
maximum uplift is 0.27 / mm/yr 
min uplift is 0.06 /mm/yr
==================
Execution time of Test: 98.16 seconds
Average uplift during necking stage is 4.58, during tearing stage is 0.08 and the long term is 0.15
['PR_r', 'TSD2_V11']
==================
Necking stage data
maximum uplift is 0.20 / mm/yr 
min uplift is -0.01 /mm/yr
==================
==================
Tearing stage data
maximum uplift is 3.18 / mm/yr 
min uplift is 0.46 /mm/yr
==================
==================
Long_term  data
maximum uplift is 0.25 / mm/yr 
min uplift is 0.07 /mm/yr
==================
Execution time of Test: 121.01 seconds
Average uplift during necking stage is 2.12, during tearing stage is 0.08 and the long term is 0.15
['PR_r', 'TSD2_V12']
==================
Necking stage data
maximum uplift is 0.20 / mm/yr 
min uplift is 0.03 /mm/yr
==================
==================
Tearing stage data
maximum uplift is 1.16 / mm/yr 
min uplift is 0.18 /mm/yr
==================
==================
Long_term  data
maximum uplift is 0.23 / mm/yr 
min uplift is 0.07 /mm/yr
==================
Execution time of Test: 95.8 seconds
Average uplift during necking stage is 0.82, during tearing stage is 0.10 and the long term is 0.14
['PR_r', 'TSD2_V13']
==================
Necking stage data
maximum uplift is 0.19 / mm/yr 
min uplift is 0.04 /mm/yr
==================
==================
Tearing stage data
maximum uplift is 0.29 / mm/yr 
min uplift is 0.05 /mm/yr
==================
==================
Long_term  data
maximum uplift is 0.20 / mm/yr 
min uplift is 0.07 /mm/yr
==================
Execution time of Test: 101.9 seconds
Average uplift during necking stage is 0.24, during tearing stage is 0.10 and the long term is 0.12
['PR_r', 'TSD2_V15']
==================
Necking stage data
maximum uplift is 0.13 / mm/yr 
min uplift is 0.04 /mm/yr
==================
==================
Tearing stage data
maximum uplift is 0.02 / mm/yr 
min uplift is 0.00 /mm/yr
==================
==================
Long_term  data
maximum uplift is 0.10 / mm/yr 
min uplift is 0.03 /mm/yr
==================
Execution time of Test: 97.43 seconds
Average uplift during necking stage is 0.02, during tearing stage is 0.08 and the long term is 0.06
['PR_r', 'TSD3']
==================
Necking stage data
maximum uplift is 0.20 / mm/yr 
min uplift is -0.09 /mm/yr
==================
==================
Tearing stage data
maximum uplift is 44.15 / mm/yr 
min uplift is 0.77 /mm/yr
==================
==================
Long_term  data
maximum uplift is 0.24 / mm/yr 
min uplift is 0.03 /mm/yr
==================
Execution time of Test: 117.05 seconds
Average uplift during necking stage is 22.23, during tearing stage is 0.04 and the long term is 0.13
['PR_r', 'TSD3_V10']
==================
Necking stage data
maximum uplift is 0.18 / mm/yr 
min uplift is -0.03 /mm/yr
==================
==================
Tearing stage data
maximum uplift is 8.58 / mm/yr 
min uplift is -0.13 /mm/yr
==================
==================
Long_term  data
maximum uplift is 0.22 / mm/yr 
min uplift is 0.05 /mm/yr
==================
Execution time of Test: 97.56 seconds
Average uplift during necking stage is 5.37, during tearing stage is 0.05 and the long term is 0.13
['PR_r', 'TSD3_V11']
==================
Necking stage data
maximum uplift is 0.19 / mm/yr 
min uplift is -0.00 /mm/yr
==================
==================
Tearing stage data
maximum uplift is 3.74 / mm/yr 
min uplift is -0.33 /mm/yr
==================
==================
Long_term  data
maximum uplift is 0.22 / mm/yr 
min uplift is 0.07 /mm/yr
==================
Execution time of Test: 94.73 seconds
Average uplift during necking stage is 2.40, during tearing stage is 0.08 and the long term is 0.13
['PR_r', 'TSD3_V12']
==================
Necking stage data
maximum uplift is 0.18 / mm/yr 
min uplift is 0.02 /mm/yr
==================
==================
Tearing stage data
maximum uplift is 1.39 / mm/yr 
min uplift is -0.36 /mm/yr
==================
==================
Long_term  data
maximum uplift is 0.20 / mm/yr 
min uplift is 0.06 /mm/yr
==================
Execution time of Test: 92.39 seconds
Average uplift during necking stage is 0.93, during tearing stage is 0.09 and the long term is 0.12
['PR_r', 'TSD3_V13']
==================
Necking stage data
maximum uplift is 0.18 / mm/yr 
min uplift is 0.05 /mm/yr
==================
==================
Tearing stage data
maximum uplift is 0.33 / mm/yr 
min uplift is -0.13 /mm/yr
==================
==================
Long_term  data
maximum uplift is 0.18 / mm/yr 
min uplift is 0.07 /mm/yr
==================
Execution time of Test: 92.07 seconds
Average uplift during necking stage is 0.24, during tearing stage is 0.10 and the long term is 0.11
['PR_r', 'TSD3_V15']
==================
Necking stage data
maximum uplift is 0.11 / mm/yr 
min uplift is 0.04 /mm/yr
==================
==================
Tearing stage data
maximum uplift is 0.03 / mm/yr 
min uplift is -0.00 /mm/yr
==================
==================
Long_term  data
maximum uplift is 0.09 / mm/yr 
min uplift is 0.03 /mm/yr
==================
Execution time of Test: 95.28 seconds
Average uplift during necking stage is 0.02, during tearing stage is 0.07 and the long term is 0.06
['PR_r', 'TSD4']
==================
Necking stage data
maximum uplift is 0.29 / mm/yr 
min uplift is -0.14 /mm/yr
==================
==================
Tearing stage data
maximum uplift is 14.31 / mm/yr 
min uplift is 0.86 /mm/yr
==================
==================
Long_term  data
maximum uplift is 0.39 / mm/yr 
min uplift is 0.03 /mm/yr
==================
Execution time of Test: 110.15 seconds
Average uplift during necking stage is 9.29, during tearing stage is 0.02 and the long term is 0.20
['PR_r', 'TSD4_V10']
==================
Necking stage data
maximum uplift is 0.25 / mm/yr 
min uplift is -0.05 /mm/yr
==================
==================
Tearing stage data
maximum uplift is 4.89 / mm/yr 
min uplift is 0.43 /mm/yr
==================
==================
Long_term  data
maximum uplift is 0.33 / mm/yr 
min uplift is 0.07 /mm/yr
==================
Execution time of Test: 110.29 seconds
Average uplift during necking stage is 3.29, during tearing stage is 0.09 and the long term is 0.19
['PR_r', 'TSD4_V11']
==================
Necking stage data
maximum uplift is 0.27 / mm/yr 
min uplift is 0.01 /mm/yr
==================
==================
Tearing stage data
maximum uplift is 1.91 / mm/yr 
min uplift is 0.21 /mm/yr
==================
==================
Long_term  data
maximum uplift is 0.31 / mm/yr 
min uplift is 0.08 /mm/yr
==================
Execution time of Test: 132.73 seconds
Average uplift during necking stage is 1.28, during tearing stage is 0.13 and the long term is 0.19
['PR_r', 'TSD4_V12']
==================
Necking stage data
maximum uplift is 0.25 / mm/yr 
min uplift is 0.03 /mm/yr
==================
==================
Tearing stage data
maximum uplift is 0.65 / mm/yr 
min uplift is 0.12 /mm/yr
==================
==================
Long_term  data
maximum uplift is 0.28 / mm/yr 
min uplift is 0.08 /mm/yr
==================
Execution time of Test: 128.56 seconds
Average uplift during necking stage is 0.52, during tearing stage is 0.13 and the long term is 0.17
['PR_r', 'TSD4_V13']
==================
Necking stage data
maximum uplift is 0.23 / mm/yr 
min uplift is 0.05 /mm/yr
==================
==================
Tearing stage data
maximum uplift is 0.17 / mm/yr 
min uplift is 0.03 /mm/yr
==================
==================
Long_term  data
maximum uplift is 0.22 / mm/yr 
min uplift is 0.06 /mm/yr
==================
Execution time of Test: 149.35 seconds
Average uplift during necking stage is 0.15, during tearing stage is 0.13 and the long term is 0.14
['PR_r', 'TSD4_V15']
==================
Necking stage data
maximum uplift is 0.14 / mm/yr 
min uplift is 0.03 /mm/yr
==================
==================
Tearing stage data
maximum uplift is 0.02 / mm/yr 
min uplift is -0.00 /mm/yr
==================
==================
Long_term  data
maximum uplift is 0.09 / mm/yr 
min uplift is 0.02 /mm/yr
==================
Execution time of Test: 129.9 seconds
Average uplift during necking stage is 0.02, during tearing stage is 0.09 and the long term is 0.06
Size of the database 7030.000000
Finished to collect the data
|= ============== =|
 =|==============|= 
_____Creating Table ____
+---------+---------+---------+---------+---------+---------+---------+--------+
|  Test   |  $v_c$  | $\tau_{ | $V_{a,\ | $v_{\ma | $\dot{H | $\dot{H | $\dot{ |
|  Name   |         |  lim}$  | mathrm{ | thrm{te | }_{\mat | }_{Te}$ | H}_{\m |
|         |         |         | dis}}$  | aring}} | hrm{N}} |         | athrm{ |
|         |         |         |         |    $    |    $    |         | LT}}$  |
+=========+=========+=========+=========+=========+=========+=========+========+
| TSD2_PR | 846.200 |   200   |    8    |  2600   |  0.088  |   37    | 0.410  |
+---------+---------+---------+---------+---------+---------+---------+--------+
| TSD2_V1 | 846.200 |   200   |   10    |   460   |  0.093  |  5.800  | 0.270  |
| 0_PR    |         |         |         |         |         |         |        |
+---------+---------+---------+---------+---------+---------+---------+--------+
| TSD2_V1 | 846.200 |   200   |   13    |   69    |  0.120  |  0.310  | 0.140  |
| 3_PR    |         |         |         |         |         |         |        |
+---------+---------+---------+---------+---------+---------+---------+--------+
| TSD2_V1 | 846.200 |   200   |   15    |  8.100  |  0.080  |  0.019  | 0.059  |
| 5_PR    |         |         |         |         |         |         |        |
+---------+---------+---------+---------+---------+---------+---------+--------+
| TSD3_PR | 807.800 |   200   |    8    |  5400   |  0.110  |   83    | 0.570  |
+---------+---------+---------+---------+---------+---------+---------+--------+
| TSD3_V1 | 807.800 |   200   |   10    |   890   |  0.087  |   12    | 0.310  |
| 0_PR    |         |         |         |         |         |         |        |
+---------+---------+---------+---------+---------+---------+---------+--------+
| TSD3_V1 | 807.800 |   200   |   13    |   76    |  0.100  |  0.440  | 0.130  |
| 3_PR    |         |         |         |         |         |         |        |
+---------+---------+---------+---------+---------+---------+---------+--------+
| TSD3_V1 | 807.800 |   200   |   15    |   11    |  0.073  |  0.020  | 0.059  |
| 5_PR    |         |         |         |         |         |         |        |
+---------+---------+---------+---------+---------+---------+---------+--------+
| TSD4_PR | 900.300 |   200   |    8    |   530   |  0.037  |  7.300  | 0.300  |
+---------+---------+---------+---------+---------+---------+---------+--------+
| TSD4_V1 | 900.300 |   200   |   10    |   340   |  0.100  |  3.100  | 0.230  |
| 0_PR    |         |         |         |         |         |         |        |
+---------+---------+---------+---------+---------+---------+---------+--------+
| TSD4_V1 | 900.300 |   200   |   13    |   36    |  0.140  |  0.130  | 0.140  |
| 3_PR    |         |         |         |         |         |         |        |
+---------+---------+---------+---------+---------+---------+---------+--------+
| TSD4_V1 | 900.300 |   200   |   15    |  5.900  |  0.088  |  0.016  | 0.054  |
| 5_PR    |         |         |         |         |         |         |        |
+---------+---------+---------+---------+---------+---------+---------+--------+
| TSD2_PR | 846.200 |   600   |    8    |  1500   |  0.024  |   16    | 0.150  |
| 2       |         |         |         |         |         |         |        |
+---------+---------+---------+---------+---------+---------+---------+--------+
| TSD2_V1 | 846.200 |   600   |   10    |   650   |  0.075  |  4.300  | 0.140  |
| 0_PR2   |         |         |         |         |         |         |        |
+---------+---------+---------+---------+---------+---------+---------+--------+
| TSD2_V1 | 846.200 |   600   |   13    |   58    |  0.110  |  0.200  | 0.130  |
| 3_PR2   |         |         |         |         |         |         |        |
+---------+---------+---------+---------+---------+---------+---------+--------+
| TSD2_V1 | 846.200 |   600   |   15    |  8.700  |  0.079  |  0.018  | 0.059  |
| 5_PR2   |         |         |         |         |         |         |        |
+---------+---------+---------+---------+---------+---------+---------+--------+
| TSD3_PR | 807.800 |   600   |    8    |  1700   |  0.032  |   19    | 0.130  |
| 2       |         |         |         |         |         |         |        |
+---------+---------+---------+---------+---------+---------+---------+--------+
| TSD3_V1 | 807.800 |   600   |   10    |   750   |  0.068  |  5.100  | 0.130  |
| 0_PR2   |         |         |         |         |         |         |        |
+---------+---------+---------+---------+---------+---------+---------+--------+
| TSD3_V1 | 807.800 |   600   |   13    |   78    |  0.100  |  0.230  | 0.110  |
| 3_PR2   |         |         |         |         |         |         |        |
+---------+---------+---------+---------+---------+---------+---------+--------+
| TSD3_V1 | 807.800 |   600   |   15    |   13    |  0.070  |  0.020  | 0.060  |
| 5_PR2   |         |         |         |         |         |         |        |
+---------+---------+---------+---------+---------+---------+---------+--------+
| TSD4_PR | 900.300 |   600   |    8    |   860   |  0.027  |  9.200  | 0.200  |
| 2       |         |         |         |         |         |         |        |
+---------+---------+---------+---------+---------+---------+---------+--------+
| TSD4_V1 | 900.300 |   600   |   10    |   450   |  0.096  |  3.300  | 0.200  |
| 0_PR2   |         |         |         |         |         |         |        |
+---------+---------+---------+---------+---------+---------+---------+--------+
| TSD4_V1 | 900.300 |   600   |   13    |   43    |  0.140  |  0.130  | 0.140  |
| 3_PR2   |         |         |         |         |         |         |        |
+---------+---------+---------+---------+---------+---------+---------+--------+
| TSD4_V1 | 900.300 |   600   |   15    |  6.700  |  0.090  |  0.017  | 0.057  |
| 5_PR2   |         |         |         |         |         |         |        |
+---------+---------+---------+---------+---------+---------+---------+--------+
| TSD2    | 846.200 |   400   |    8    |  1600   |  0.034  |   17    | 0.150  |
+---------+---------+---------+---------+---------+---------+---------+--------+
| TSD2_CO | 846.200 |   400   |    8    |   840   |  0.024  |   10    | 0.170  |
+---------+---------+---------+---------+---------+---------+---------+--------+
| TSD2_V1 | 846.200 |   400   |   10    |   660   |  0.079  |  4.600  | 0.150  |
| 0       |         |         |         |         |         |         |        |
+---------+---------+---------+---------+---------+---------+---------+--------+
| TSD2_V1 | 846.200 |   400   |   11    |   320   |  0.084  |  2.100  | 0.150  |
| 1       |         |         |         |         |         |         |        |
+---------+---------+---------+---------+---------+---------+---------+--------+
| TSD2_V1 | 846.200 |   400   |   12    |   210   |  0.100  |  0.820  | 0.140  |
| 2       |         |         |         |         |         |         |        |
+---------+---------+---------+---------+---------+---------+---------+--------+
| TSD2_V1 | 846.200 |   400   |   13    |   59    |  0.100  |  0.240  | 0.120  |
| 3       |         |         |         |         |         |         |        |
+---------+---------+---------+---------+---------+---------+---------+--------+
| TSD2_V1 | 846.200 |   400   |   15    |   12    |  0.078  |  0.020  | 0.063  |
| 5       |         |         |         |         |         |         |        |
+---------+---------+---------+---------+---------+---------+---------+--------+
| TSD3    | 807.800 |   400   |    8    |  2300   |  0.036  |   22    | 0.130  |
+---------+---------+---------+---------+---------+---------+---------+--------+
| TSD3_V1 | 807.800 |   400   |   10    |   650   |  0.054  |  5.400  | 0.130  |
| 0       |         |         |         |         |         |         |        |
+---------+---------+---------+---------+---------+---------+---------+--------+
| TSD3_V1 | 807.800 |   400   |   11    |   360   |  0.077  |  2.400  | 0.130  |
| 1       |         |         |         |         |         |         |        |
+---------+---------+---------+---------+---------+---------+---------+--------+
| TSD3_V1 | 807.800 |   400   |   12    |   230   |  0.088  |  0.930  | 0.120  |
| 2       |         |         |         |         |         |         |        |
+---------+---------+---------+---------+---------+---------+---------+--------+
| TSD3_V1 | 807.800 |   400   |   13    |   77    |  0.100  |  0.240  | 0.110  |
| 3       |         |         |         |         |         |         |        |
+---------+---------+---------+---------+---------+---------+---------+--------+
| TSD3_V1 | 807.800 |   400   |   15    |   14    |  0.069  |  0.020  | 0.059  |
| 5       |         |         |         |         |         |         |        |
+---------+---------+---------+---------+---------+---------+---------+--------+
| TSD4    | 900.300 |   400   |    8    |   840   |  0.023  |  9.300  | 0.200  |
+---------+---------+---------+---------+---------+---------+---------+--------+
| TSD4_V1 | 900.300 |   400   |   10    |   450   |  0.088  |  3.300  | 0.190  |
| 0       |         |         |         |         |         |         |        |
+---------+---------+---------+---------+---------+---------+---------+--------+
| TSD4_V1 | 900.300 |   400   |   11    |   270   |  0.130  |  1.300  | 0.190  |
| 1       |         |         |         |         |         |         |        |
+---------+---------+---------+---------+---------+---------+---------+--------+
| TSD4_V1 | 900.300 |   400   |   12    |   120   |  0.130  |  0.520  | 0.170  |
| 2       |         |         |         |         |         |         |        |
+---------+---------+---------+---------+---------+---------+---------+--------+
| TSD4_V1 | 900.300 |   400   |   13    |   34    |  0.130  |  0.150  | 0.140  |
| 3       |         |         |         |         |         |         |        |
+---------+---------+---------+---------+---------+---------+---------+--------+
| TSD4_V1 | 900.300 |   400   |   15    |  6.500  |  0.089  |  0.017  | 0.056  |
| 5       |         |         |         |         |         |         |        |
+---------+---------+---------+---------+---------+---------+---------+--------+/home/zaphod/data/apiccolo/Scripts/Python_Visual_Data_Base_2/Class_Data_Base.py:730: RuntimeWarning: Mean of empty slice
  self.D_x_t_det[i,j] = np.nanmean(self.D[i,i_along_x,j])
/home/zaphod/data/apiccolo/Scripts/Python_Visual_Data_Base_2/Class_Data_Base.py:731: RuntimeWarning: Mean of empty slice
  self.tau_x_t_det[i,j] = np.nanmean(self.tau_max[i,i_along_x,j])
/home/zaphod/data/apiccolo/Scripts/Python_Visual_Data_Base_2/Class_Data_Base.py:732: RuntimeWarning: All-NaN slice encountered
  self.T_det[i,j] = np.nanmax(self.T[i,i_along_x,j])
/home/zaphod/data/apiccolo/Scripts/Python_Visual_Data_Base_2/Class_Data_Base.py:733: RuntimeWarning: All-NaN slice encountered
  self.Psi_det[i,j] = np.nanmax(self.Psi[i,i_along_x,j])


Latextable Output:
\begin{table}
	\begin{center}
		\begin{tabular}{|l|c|c|c|c|c|c|c|}
			\hline
			Test Name & $v_c$ & $\tau_{lim}$ & $V_{a,\mathrm{dis}}$ & $v_{\mathrm{tearing}}$ & $\dot{H}_{\mathrm{N}}$ & $\dot{H}_{Te}$ & $\dot{H}_{\mathrm{LT}}$ \\
			\hline
			TSD2_PR & 846.200 & 200 & 8 & 2600 & 0.088 & 37 & 0.410 \\
			\hline
			TSD2_V10_PR & 846.200 & 200 & 10 & 460 & 0.093 & 5.800 & 0.270 \\
			\hline
			TSD2_V13_PR & 846.200 & 200 & 13 & 69 & 0.120 & 0.310 & 0.140 \\
			\hline
			TSD2_V15_PR & 846.200 & 200 & 15 & 8.100 & 0.080 & 0.019 & 0.059 \\
			\hline
			TSD3_PR & 807.800 & 200 & 8 & 5400 & 0.110 & 83 & 0.570 \\
			\hline
			TSD3_V10_PR & 807.800 & 200 & 10 & 890 & 0.087 & 12 & 0.310 \\
			\hline
			TSD3_V13_PR & 807.800 & 200 & 13 & 76 & 0.100 & 0.440 & 0.130 \\
			\hline
			TSD3_V15_PR & 807.800 & 200 & 15 & 11 & 0.073 & 0.020 & 0.059 \\
			\hline
			TSD4_PR & 900.300 & 200 & 8 & 530 & 0.037 & 7.300 & 0.300 \\
			\hline
			TSD4_V10_PR & 900.300 & 200 & 10 & 340 & 0.100 & 3.100 & 0.230 \\
			\hline
			TSD4_V13_PR & 900.300 & 200 & 13 & 36 & 0.140 & 0.130 & 0.140 \\
			\hline
			TSD4_V15_PR & 900.300 & 200 & 15 & 5.900 & 0.088 & 0.016 & 0.054 \\
			\hline
			TSD2_PR2 & 846.200 & 600 & 8 & 1500 & 0.024 & 16 & 0.150 \\
			\hline
			TSD2_V10_PR2 & 846.200 & 600 & 10 & 650 & 0.075 & 4.300 & 0.140 \\
			\hline
			TSD2_V13_PR2 & 846.200 & 600 & 13 & 58 & 0.110 & 0.200 & 0.130 \\
			\hline
			TSD2_V15_PR2 & 846.200 & 600 & 15 & 8.700 & 0.079 & 0.018 & 0.059 \\
			\hline
			TSD3_PR2 & 807.800 & 600 & 8 & 1700 & 0.032 & 19 & 0.130 \\
			\hline
			TSD3_V10_PR2 & 807.800 & 600 & 10 & 750 & 0.068 & 5.100 & 0.130 \\
			\hline
			TSD3_V13_PR2 & 807.800 & 600 & 13 & 78 & 0.100 & 0.230 & 0.110 \\
			\hline
			TSD3_V15_PR2 & 807.800 & 600 & 15 & 13 & 0.070 & 0.020 & 0.060 \\
			\hline
			TSD4_PR2 & 900.300 & 600 & 8 & 860 & 0.027 & 9.200 & 0.200 \\
			\hline
			TSD4_V10_PR2 & 900.300 & 600 & 10 & 450 & 0.096 & 3.300 & 0.200 \\
			\hline
			TSD4_V13_PR2 & 900.300 & 600 & 13 & 43 & 0.140 & 0.130 & 0.140 \\
			\hline
			TSD4_V15_PR2 & 900.300 & 600 & 15 & 6.700 & 0.090 & 0.017 & 0.057 \\
			\hline
			TSD2 & 846.200 & 400 & 8 & 1600 & 0.034 & 17 & 0.150 \\
			\hline
			TSD2_CO & 846.200 & 400 & 8 & 840 & 0.024 & 10 & 0.170 \\
			\hline
			TSD2_V10 & 846.200 & 400 & 10 & 660 & 0.079 & 4.600 & 0.150 \\
			\hline
			TSD2_V11 & 846.200 & 400 & 11 & 320 & 0.084 & 2.100 & 0.150 \\
			\hline
			TSD2_V12 & 846.200 & 400 & 12 & 210 & 0.100 & 0.820 & 0.140 \\
			\hline
			TSD2_V13 & 846.200 & 400 & 13 & 59 & 0.100 & 0.240 & 0.120 \\
			\hline
			TSD2_V15 & 846.200 & 400 & 15 & 12 & 0.078 & 0.020 & 0.063 \\
			\hline
			TSD3 & 807.800 & 400 & 8 & 2300 & 0.036 & 22 & 0.130 \\
			\hline
			TSD3_V10 & 807.800 & 400 & 10 & 650 & 0.054 & 5.400 & 0.130 \\
			\hline
			TSD3_V11 & 807.800 & 400 & 11 & 360 & 0.077 & 2.400 & 0.130 \\
			\hline
			TSD3_V12 & 807.800 & 400 & 12 & 230 & 0.088 & 0.930 & 0.120 \\
			\hline
			TSD3_V13 & 807.800 & 400 & 13 & 77 & 0.100 & 0.240 & 0.110 \\
			\hline
			TSD3_V15 & 807.800 & 400 & 15 & 14 & 0.069 & 0.020 & 0.059 \\
			\hline
			TSD4 & 900.300 & 400 & 8 & 840 & 0.023 & 9.300 & 0.200 \\
			\hline
			TSD4_V10 & 900.300 & 400 & 10 & 450 & 0.088 & 3.300 & 0.190 \\
			\hline
			TSD4_V11 & 900.300 & 400 & 11 & 270 & 0.130 & 1.300 & 0.190 \\
			\hline
			TSD4_V12 & 900.300 & 400 & 12 & 120 & 0.130 & 0.520 & 0.170 \\
			\hline
			TSD4_V13 & 900.300 & 400 & 13 & 34 & 0.130 & 0.150 & 0.140 \\
			\hline
			TSD4_V15 & 900.300 & 400 & 15 & 6.500 & 0.089 & 0.017 & 0.056 \\
			\hline
		\end{tabular}
	\end{center}
	\caption{Experiment list table}
	\label{table:experiment list}
\end{table}
Execution time of _post_process_data: 5071.99 seconds
==================
Necking stage data
maximum uplift is 0.22 / mm/yr 
min uplift is -0.11 /mm/yr
==================
==================
Tearing stage data
maximum uplift is 30.78 / mm/yr 
min uplift is 2.30 /mm/yr
==================
==================
Long_term  data
maximum uplift is 0.28 / mm/yr 
min uplift is 0.05 /mm/yr
==================
Execution time of Test: 121.45 seconds
==================
Necking stage data
maximum uplift is 0.22 / mm/yr 
min uplift is -0.04 /mm/yr
==================
==================
Tearing stage data
maximum uplift is 7.58 / mm/yr 
min uplift is 0.83 /mm/yr
==================
==================
Long_term  data
maximum uplift is 0.27 / mm/yr 
min uplift is 0.06 /mm/yr
==================
Execution time of Test: 262.73 seconds
==================
Necking stage data
maximum uplift is 0.20 / mm/yr 
min uplift is -0.01 /mm/yr
==================
==================
Tearing stage data
maximum uplift is 3.18 / mm/yr 
min uplift is 0.46 /mm/yr
==================
==================
Long_term  data
maximum uplift is 0.25 / mm/yr 
min uplift is 0.07 /mm/yr
==================
Execution time of Test: 1089.46 seconds
==================
Necking stage data
maximum uplift is 0.20 / mm/yr 
min uplift is 0.03 /mm/yr
==================
==================
Tearing stage data
maximum uplift is 1.16 / mm/yr 
min uplift is 0.18 /mm/yr
==================
==================
Long_term  data
maximum uplift is 0.23 / mm/yr 
min uplift is 0.07 /mm/yr
==================
Execution time of Test: 976.45 seconds
==================
Necking stage data
maximum uplift is 0.19 / mm/yr 
min uplift is 0.04 /mm/yr
==================
==================
Tearing stage data
maximum uplift is 0.29 / mm/yr 
min uplift is 0.05 /mm/yr
==================
==================
Long_term  data
maximum uplift is 0.20 / mm/yr 
min uplift is 0.07 /mm/yr
==================
Execution time of Test: 718.46 seconds
==================
Necking stage data
maximum uplift is 0.13 / mm/yr 
min uplift is 0.04 /mm/yr
==================
==================
Tearing stage data
maximum uplift is 0.02 / mm/yr 
min uplift is 0.00 /mm/yr
==================
==================
Long_term  data
maximum uplift is 0.10 / mm/yr 
min uplift is 0.03 /mm/yr
==================
Execution time of Test: 818.05 seconds
Traceback (most recent call last):
  File "/home/zaphod/data/apiccolo/Scripts/Python_Visual_Data_Base_2/Data_Base_Reader.py", line 110, in <module>
    TSD2_V15_HC = Test(file_DB,['PR_r','TSD2_V15_HC'])
  File "/home/zaphod/data/apiccolo/Scripts/Python_Visual_Data_Base_2/Class_Data_Base.py", line 42, in wrapper
    result = func(*args, **kwargs)
  File "/home/zaphod/data/apiccolo/Scripts/Python_Visual_Data_Base_2/Class_Data_Base.py", line 355, in __init__
    self.time = self._read_variable(['/time','Myr', 'Time vector'],Test_name)
  File "/home/zaphod/data/apiccolo/Scripts/Python_Visual_Data_Base_2/Class_Data_Base.py", line 197, in _read_variable
    buf = np.array(f[path2variable])
  File "h5py/_objects.pyx", line 54, in h5py._objects.with_phil.wrapper
  File "h5py/_objects.pyx", line 55, in h5py._objects.with_phil.wrapper
  File "/home/apiccolo/.local/lib/python3.10/site-packages/h5py/_hl/group.py", line 357, in __getitem__
    oid = h5o.open(self.id, self._e(name), lapl=self._lapl)
  File "h5py/_objects.pyx", line 54, in h5py._objects.with_phil.wrapper
  File "h5py/_objects.pyx", line 55, in h5py._objects.with_phil.wrapper
  File "h5py/h5o.pyx", line 189, in h5py.h5o.open
KeyError: 'Unable to synchronously open object (component not found)'
