/home/apiccolo/.local/bin:/usr/local/sbin:/usr/local/bin:/usr/sbin:/usr/bin:/sbin:/bin:/usr/games:/usr/local/games:/snap/bin:/usr/local/texlive/2015/bin/x86_64-darwin
Execution time of _read_test: 0.0 seconds
['PR_200', 'TSD2_PR']
Execution time of _read_test: 0.0 seconds
Execution time of Test: 32.08 seconds
../../Data_Base_KIT_GLA/Data_base_KIT_GLA.hdf5
Execution time of save_test_data: 0.0 seconds
Execution time of save_test_data: 1.76 seconds
Execution time of save_test_data: 62.19 seconds
Execution time of _write_h5_database: 63.95 seconds
Topographic data of 'TSD2_PR's been printed.
['PR_200', 'TSD2_V10_PR']
Execution time of _read_test: 0.0 seconds
Execution time of Test: 144.96 seconds
../../Data_Base_KIT_GLA/Data_base_KIT_GLA.hdf5
Execution time of save_test_data: 0.0 seconds
Execution time of save_test_data: 1.03 seconds
Execution time of save_test_data: 68.13 seconds
Execution time of _write_h5_database: 69.17 seconds
Topographic data of 'TSD2_V10_PR's been printed.
['PR_200', 'TSD2_V13_PR']
Execution time of _read_test: 0.0 seconds
Execution time of Test: 107.3 seconds
../../Data_Base_KIT_GLA/Data_base_KIT_GLA.hdf5
Execution time of save_test_data: 0.0 seconds
Execution time of save_test_data: 1.01 seconds
Execution time of save_test_data: 129.07 seconds
Execution time of _write_h5_database: 130.09 seconds
Topographic data of 'TSD2_V13_PR's been printed.
['PR_200', 'TSD2_V15_PR']
Execution time of _read_test: 0.0 seconds
Execution time of Test: 162.72 seconds
../../Data_Base_KIT_GLA/Data_base_KIT_GLA.hdf5
Execution time of save_test_data: 0.0 seconds
Execution time of save_test_data: 1.0 seconds
Execution time of save_test_data: 62.93 seconds
Execution time of _write_h5_database: 63.93 seconds
Topographic data of 'TSD2_V15_PR's been printed.
['PR_200', 'TSD3_PR']
Execution time of _read_test: 0.0 seconds
Execution time of Test: 215.96 seconds
../../Data_Base_KIT_GLA/Data_base_KIT_GLA.hdf5
Execution time of save_test_data: 0.0 seconds
Execution time of save_test_data: 1.81 seconds
Execution time of save_test_data: 59.31 seconds
Execution time of _write_h5_database: 61.12 seconds
Topographic data of 'TSD3_PR's been printed.
['PR_200', 'TSD3_V10_PR']
Execution time of _read_test: 0.0 seconds
Execution time of Test: 160.56 seconds
../../Data_Base_KIT_GLA/Data_base_KIT_GLA.hdf5
Execution time of save_test_data: 0.0 seconds
Execution time of save_test_data: 1.13 seconds
Execution time of save_test_data: 64.0 seconds
Execution time of _write_h5_database: 65.13 seconds
Topographic data of 'TSD3_V10_PR's been printed.
['PR_200', 'TSD3_V13_PR']
Execution time of _read_test: 0.0 seconds
Execution time of Test: 154.53 seconds
../../Data_Base_KIT_GLA/Data_base_KIT_GLA.hdf5
Execution time of save_test_data: 0.0 seconds
Execution time of save_test_data: 1.07 seconds
Execution time of save_test_data: 76.8 seconds
Execution time of _write_h5_database: 77.87 seconds
Topographic data of 'TSD3_V13_PR's been printed.
['PR_200', 'TSD3_V15_PR']
Execution time of _read_test: 0.0 seconds
Execution time of Test: 135.7 seconds
../../Data_Base_KIT_GLA/Data_base_KIT_GLA.hdf5
Execution time of save_test_data: 0.0 seconds
Execution time of save_test_data: 1.06 seconds
Execution time of save_test_data: 99.66 seconds
Execution time of _write_h5_database: 100.73 seconds
Topographic data of 'TSD3_V15_PR's been printed.
['PR_200', 'TSD4_PR']
Execution time of _read_test: 0.0 seconds
Execution time of Test: 168.13 seconds
../../Data_Base_KIT_GLA/Data_base_KIT_GLA.hdf5
Execution time of save_test_data: 0.0 seconds
Execution time of save_test_data: 1.07 seconds
Execution time of save_test_data: 66.52 seconds
Execution time of _write_h5_database: 67.59 seconds
Topographic data of 'TSD4_PR's been printed.
['PR_200', 'TSD4_V10_PR']
Execution time of _read_test: 0.0 seconds
Execution time of Test: 153.14 seconds
../../Data_Base_KIT_GLA/Data_base_KIT_GLA.hdf5
Execution time of save_test_data: 0.0 seconds
Execution time of save_test_data: 1.11 seconds
Execution time of save_test_data: 92.04 seconds
Execution time of _write_h5_database: 93.15 seconds
Topographic data of 'TSD4_V10_PR's been printed.
['PR_200', 'TSD4_V13_PR']
Execution time of _read_test: 0.0 seconds
Execution time of Test: 173.1 seconds
../../Data_Base_KIT_GLA/Data_base_KIT_GLA.hdf5
Execution time of save_test_data: 0.0 seconds
Execution time of save_test_data: 1.48 seconds
Execution time of save_test_data: 73.95 seconds
Execution time of _write_h5_database: 75.43 seconds
Topographic data of 'TSD4_V13_PR's been printed.
['PR_200', 'TSD4_V15_PR']
Execution time of _read_test: 0.0 seconds
Execution time of Test: 132.91 seconds
../../Data_Base_KIT_GLA/Data_base_KIT_GLA.hdf5
Execution time of save_test_data: 0.0 seconds
Execution time of save_test_data: 1.05 seconds
Execution time of save_test_data: 117.03 seconds
Execution time of _write_h5_database: 118.09 seconds
Topographic data of 'TSD4_V15_PR's been printed.
['PR_600', 'TSD2_PR2']
Execution time of _read_test: 0.0 seconds
Execution time of Test: 174.16 seconds
../../Data_Base_KIT_GLA/Data_base_KIT_GLA.hdf5
Execution time of save_test_data: 0.0 seconds
Execution time of save_test_data: 1.91 seconds
Execution time of save_test_data: 115.02 seconds
Execution time of _write_h5_database: 116.93 seconds
Topographic data of 'TSD2_PR2's been printed.
['PR_600', 'TSD2_V10_PR2']
Execution time of _read_test: 0.0 seconds
Execution time of Test: 143.41 seconds
../../Data_Base_KIT_GLA/Data_base_KIT_GLA.hdf5
Execution time of save_test_data: 0.0 seconds
Execution time of save_test_data: 1.04 seconds
Execution time of save_test_data: 84.32 seconds
Execution time of _write_h5_database: 85.37 seconds
Topographic data of 'TSD2_V10_PR2's been printed.
['PR_600', 'TSD2_V13_PR2']
Execution time of _read_test: 0.0 seconds
Execution time of Test: 149.38 seconds
../../Data_Base_KIT_GLA/Data_base_KIT_GLA.hdf5
Execution time of save_test_data: 0.0 seconds
Execution time of save_test_data: 1.03 seconds
Execution time of save_test_data: 92.34 seconds
Execution time of _write_h5_database: 93.38 seconds
Topographic data of 'TSD2_V13_PR2's been printed.
['PR_600', 'TSD2_V15_PR2']
Execution time of _read_test: 0.0 seconds
Execution time of Test: 163.66 seconds
../../Data_Base_KIT_GLA/Data_base_KIT_GLA.hdf5
Execution time of save_test_data: 0.0 seconds
Execution time of save_test_data: 1.22 seconds
Execution time of save_test_data: 91.18 seconds
Execution time of _write_h5_database: 92.4 seconds
Topographic data of 'TSD2_V15_PR2's been printed.
['PR_600', 'TSD3_PR2']
Execution time of _read_test: 0.0 seconds
Execution time of Test: 210.61 seconds
../../Data_Base_KIT_GLA/Data_base_KIT_GLA.hdf5
Execution time of save_test_data: 0.0 seconds
Execution time of save_test_data: 1.9 seconds
Execution time of save_test_data: 64.67 seconds
Execution time of _write_h5_database: 66.57 seconds
Topographic data of 'TSD3_PR2's been printed.
['PR_600', 'TSD3_V10_PR2']
Execution time of _read_test: 0.0 seconds
Execution time of Test: 156.84 seconds
../../Data_Base_KIT_GLA/Data_base_KIT_GLA.hdf5
Execution time of save_test_data: 0.0 seconds
Execution time of save_test_data: 1.02 seconds
Execution time of save_test_data: 88.66 seconds
Execution time of _write_h5_database: 89.69 seconds
Topographic data of 'TSD3_V10_PR2's been printed.
['PR_600', 'TSD3_V13_PR2']
Execution time of _read_test: 0.0 seconds
Execution time of Test: 152.17 seconds
../../Data_Base_KIT_GLA/Data_base_KIT_GLA.hdf5
Execution time of save_test_data: 0.0 seconds
Execution time of save_test_data: 1.01 seconds
Execution time of save_test_data: 102.93 seconds
Execution time of _write_h5_database: 103.96 seconds
Topographic data of 'TSD3_V13_PR2's been printed.
['PR_600', 'TSD3_V15_PR2']
Execution time of _read_test: 0.0 seconds
Execution time of Test: 152.63 seconds
../../Data_Base_KIT_GLA/Data_base_KIT_GLA.hdf5
Execution time of save_test_data: 0.0 seconds
Execution time of save_test_data: 1.08 seconds
Execution time of save_test_data: 107.43 seconds
Execution time of _write_h5_database: 108.51 seconds
Topographic data of 'TSD3_V15_PR2's been printed.
['PR_600', 'TSD4_PR2']
Execution time of _read_test: 0.0 seconds
Execution time of Test: 176.58 seconds
../../Data_Base_KIT_GLA/Data_base_KIT_GLA.hdf5
Execution time of save_test_data: 0.0 seconds
Execution time of save_test_data: 1.84 seconds
Execution time of save_test_data: 102.64 seconds
Execution time of _write_h5_database: 104.48 seconds
Topographic data of 'TSD4_PR2's been printed.
['PR_600', 'TSD4_V10_PR2']
Execution time of _read_test: 0.0 seconds
Execution time of Test: 164.4 seconds
../../Data_Base_KIT_GLA/Data_base_KIT_GLA.hdf5
Execution time of save_test_data: 0.0 seconds
Execution time of save_test_data: 1.04 seconds
Execution time of save_test_data: 90.42 seconds
Execution time of _write_h5_database: 91.46 seconds
Topographic data of 'TSD4_V10_PR2's been printed.
['PR_600', 'TSD4_V13_PR2']
Execution time of _read_test: 0.0 seconds
Execution time of Test: 130.19 seconds
../../Data_Base_KIT_GLA/Data_base_KIT_GLA.hdf5
Execution time of save_test_data: 0.0 seconds
Execution time of save_test_data: 1.05 seconds
Execution time of save_test_data: 130.77 seconds
Execution time of _write_h5_database: 131.82 seconds
Topographic data of 'TSD4_V13_PR2's been printed.
['PR_600', 'TSD4_V15_PR2']
Execution time of _read_test: 0.0 seconds
Execution time of Test: 164.99 seconds
../../Data_Base_KIT_GLA/Data_base_KIT_GLA.hdf5
Execution time of save_test_data: 0.0 seconds
Execution time of save_test_data: 1.02 seconds
Execution time of save_test_data: 85.76 seconds
Execution time of _write_h5_database: 86.78 seconds
Topographic data of 'TSD4_V15_PR2's been printed.
['PR_r', 'TSD2']
Execution time of _read_test: 0.0 seconds
Execution time of Test: 186.67 seconds
../../Data_Base_KIT_GLA/Data_base_KIT_GLA.hdf5
Execution time of save_test_data: 0.0 seconds
Execution time of save_test_data: 1.23 seconds
Execution time of save_test_data: 66.38 seconds
Execution time of _write_h5_database: 67.61 seconds
Topographic data of 'TSD2's been printed.
['PR_r', 'TSD2_V10']
Execution time of _read_test: 0.0 seconds
Execution time of Test: 175.33 seconds
../../Data_Base_KIT_GLA/Data_base_KIT_GLA.hdf5
Execution time of save_test_data: 0.0 seconds
Execution time of save_test_data: 1.31 seconds
Execution time of save_test_data: 79.68 seconds
Execution time of _write_h5_database: 81.0 seconds
Topographic data of 'TSD2_V10's been printed.
['PR_r', 'TSD2_V11']
Execution time of _read_test: 0.0 seconds
Execution time of Test: 184.06 seconds
../../Data_Base_KIT_GLA/Data_base_KIT_GLA.hdf5
Execution time of save_test_data: 0.0 seconds
Execution time of save_test_data: 1.08 seconds
Execution time of save_test_data: 67.96 seconds
Execution time of _write_h5_database: 69.04 seconds
Topographic data of 'TSD2_V11's been printed.
['PR_r', 'TSD2_V12']
Execution time of _read_test: 0.0 seconds
Execution time of Test: 167.28 seconds
../../Data_Base_KIT_GLA/Data_base_KIT_GLA.hdf5
Execution time of save_test_data: 0.0 seconds
Execution time of save_test_data: 1.05 seconds
Execution time of save_test_data: 89.42 seconds
Execution time of _write_h5_database: 90.48 seconds
Topographic data of 'TSD2_V12's been printed.
['PR_r', 'TSD2_V13']
Execution time of _read_test: 0.0 seconds
Execution time of Test: 169.4 seconds
../../Data_Base_KIT_GLA/Data_base_KIT_GLA.hdf5
Execution time of save_test_data: 0.0 seconds
Execution time of save_test_data: 1.0 seconds
Execution time of save_test_data: 85.11 seconds
Execution time of _write_h5_database: 86.11 seconds
Topographic data of 'TSD2_V13's been printed.
['PR_r', 'TSD2_V15']
Execution time of _read_test: 0.0 seconds
Execution time of Test: 157.44 seconds
../../Data_Base_KIT_GLA/Data_base_KIT_GLA.hdf5
Execution time of save_test_data: 0.0 seconds
Execution time of save_test_data: 1.06 seconds
Execution time of save_test_data: 114.13 seconds
Execution time of _write_h5_database: 115.19 seconds
Topographic data of 'TSD2_V15's been printed.
['PR_r', 'TSD3']
Execution time of _read_test: 0.0 seconds
Execution time of Test: 133.02 seconds
../../Data_Base_KIT_GLA/Data_base_KIT_GLA.hdf5
Execution time of save_test_data: 0.0 seconds
Execution time of save_test_data: 1.09 seconds
Execution time of save_test_data: 123.08 seconds
Execution time of _write_h5_database: 124.17 seconds
Topographic data of 'TSD3's been printed.
['PR_r', 'TSD3_V10']
Execution time of _read_test: 0.0 seconds
Execution time of Test: 177.03 seconds
../../Data_Base_KIT_GLA/Data_base_KIT_GLA.hdf5
Execution time of save_test_data: 0.0 seconds
Execution time of save_test_data: 1.21 seconds
Execution time of save_test_data: 83.44 seconds
Execution time of _write_h5_database: 84.66 seconds
Topographic data of 'TSD3_V10's been printed.
['PR_r', 'TSD3_V11']
Execution time of _read_test: 0.0 seconds
Execution time of Test: 190.85 seconds
../../Data_Base_KIT_GLA/Data_base_KIT_GLA.hdf5
Execution time of save_test_data: 0.0 seconds
Execution time of save_test_data: 1.08 seconds
Execution time of save_test_data: 75.68 seconds
Execution time of _write_h5_database: 76.76 seconds
Topographic data of 'TSD3_V11's been printed.
['PR_r', 'TSD3_V12']
Execution time of _read_test: 0.0 seconds
Execution time of Test: 164.79 seconds
../../Data_Base_KIT_GLA/Data_base_KIT_GLA.hdf5
Execution time of save_test_data: 0.0 seconds
Execution time of save_test_data: 1.12 seconds
Execution time of save_test_data: 103.03 seconds
Execution time of _write_h5_database: 104.16 seconds
Topographic data of 'TSD3_V12's been printed.
['PR_r', 'TSD3_V13']
Execution time of _read_test: 0.0 seconds
Execution time of Test: 129.27 seconds
../../Data_Base_KIT_GLA/Data_base_KIT_GLA.hdf5
Execution time of save_test_data: 0.0 seconds
Execution time of save_test_data: 1.04 seconds
Execution time of save_test_data: 143.84 seconds
Execution time of _write_h5_database: 144.88 seconds
Topographic data of 'TSD3_V13's been printed.
['PR_r', 'TSD3_V15']
Execution time of _read_test: 0.0 seconds
Execution time of Test: 176.14 seconds
../../Data_Base_KIT_GLA/Data_base_KIT_GLA.hdf5
Execution time of save_test_data: 0.0 seconds
Execution time of save_test_data: 1.08 seconds
Execution time of save_test_data: 91.95 seconds
Execution time of _write_h5_database: 93.03 seconds
Topographic data of 'TSD3_V15's been printed.
['PR_r', 'TSD4']
Execution time of _read_test: 0.0 seconds
Execution time of Test: 165.92 seconds
../../Data_Base_KIT_GLA/Data_base_KIT_GLA.hdf5
Execution time of save_test_data: 0.0 seconds
Execution time of save_test_data: 1.07 seconds
Execution time of save_test_data: 114.68 seconds
Execution time of _write_h5_database: 115.76 seconds
Topographic data of 'TSD4's been printed.
['PR_r', 'TSD4_V10']
Execution time of _read_test: 0.0 seconds
Execution time of Test: 171.18 seconds
../../Data_Base_KIT_GLA/Data_base_KIT_GLA.hdf5
Execution time of save_test_data: 0.0 seconds
Execution time of save_test_data: 1.12 seconds
Execution time of save_test_data: 98.0 seconds
Execution time of _write_h5_database: 99.13 seconds
Topographic data of 'TSD4_V10's been printed.
['PR_r', 'TSD4_V13']
Execution time of _read_test: 0.0 seconds
Execution time of Test: 144.63 seconds
../../Data_Base_KIT_GLA/Data_base_KIT_GLA.hdf5
Execution time of save_test_data: 0.0 seconds
Execution time of save_test_data: 1.05 seconds
Execution time of save_test_data: 133.15 seconds
Execution time of _write_h5_database: 134.2 seconds
Topographic data of 'TSD4_V13's been printed.
39
Execution time of _post_process_data: 10857.88 seconds
Execution time of _read_test: 0.0 seconds
Execution time of Test: 119.89 seconds
Execution time of _read_test: 0.0 seconds
Execution time of Test: 188.36 seconds
